<?xml version="1.0" encoding="UTF-8"?>
<!-- Generated by org.testng.reporters.JUnitXMLReporter -->
<testsuite hostname="Rohans-MBP-2.attlocal.net" ignored="1" name="Test" tests="2" failures="0" timestamp="2020-06-23T16:15:58 PDT" time="3.928" errors="0">
  <testcase name="LoginPage" time="2.338" classname="com.AnnotationDemo.Annotations"/>
  <testcase name="loginPage" time="2.468" classname="com.AnnotationDemo.Annotations"/>
  <testcase name="Logout" time="0.0" classname="com.AnnotationDemo.Annotations">
    <ignored/>
  </testcase> <!-- Logout -->
</testsuite> <!-- Test -->
